Arguments: 
  c:\program files\nodejs\node.exe c:\Program Files (x86)\Yarn\bin\yarn.js run

PATH: 
  C:\Program Files\PowerShell\7-preview;c:\windows;c:\windows\system32;c:\windows\system32\wbem;c:\users\invad\.windows-build-tools\python27;c:\programdata\chocolatey\bin;c:\program files (x86)\windows kits\10\windows performance toolkit\;c:\users\invad\scoop\shims;c:\program files\nodejs\;c:\program files\nvidia corporation\nvidia nvdlisr;c:\program files (x86)\common files\gtk\2.0\bin;c:\windows\system32;c:\windows;c:\windows\system32\wbem;c:\windows\system32\windowspowershell\v1.0\;c:\windows\system32\openssh\;c:\program files (x86)\yarn\bin\;c:\users\invad\.cargo\bin;c:\program files\git\cmd;c:\program files\docker\docker\resources\bin;c:\programdata\dockerdesktop\version-bin;C:\Program Files (x86)\NVIDIA Corporation\PhysX\Common;C:\Program Files\Docker\Docker\resources\bin;C:\ProgramData\DockerDesktop\version-bin;C:\Program Files\PowerShell\7-preview\preview;C:\Users\invad\.cargo\bin;C:\Users\invad\scoop\shims;C:\WINDOWS\System32\OpenSSH\;C:\Program Files\Git\cmd;C:\tools\vim\vim82;C:\ProgramData\chocolatey\bin;C:\Users\invad\AppData\Roaming\nvm;C:\Program Files\MongoDB\Server\4.0\bin;C:\Users\invad\AppData\Local\Microsoft\WindowsApps;C:\Users\invad\AppData\Local\Programs\Microsoft VS Code\bin;C:\Users\invad\AppData\Local\Yarn\bin;

Yarn version: 
  1.22.4

Node version: 
  14.8.0

Platform: 
  win32 x64

Trace: 
  SyntaxError: E:\repos\prettier_d_slim\package.json: Unexpected end of JSON input
      at JSON.parse (<anonymous>)
      at c:\Program Files (x86)\Yarn\lib\cli.js:1625:59
      at Generator.next (<anonymous>)
      at step (c:\Program Files (x86)\Yarn\lib\cli.js:310:30)
      at c:\Program Files (x86)\Yarn\lib\cli.js:321:13

npm manifest: 
  {
    "name": "prettier_d",
    "version": "1.0.0",
    "description": "Makes prettier fast",
    "bin": "./lib/bin/prettier_d.js",
    "keywords": [
      "prettier",
      "daemon"
    ],
    "author": "Mike Wyatt <wyatt.mike@gmail.com>",
    "contributors": [],
    "homepage": "https://github.com/mikew/prettier_d",
    "scripts": {
      "lint": "eslint . --ignore-pattern '**/node_modules/**'",
      "preinstall": "tsc --project tsconfig.json",
      "version": "changes --commits --footer",
      "postversion": "git push --follow-tags && npm publish"
    },
    "repository": {
      "type": "git",
      "url": "https://github.com/radium-io/prettier_d.js.git"
    },
    "dependencies": {
      "camelize": "^1.0.0",
      "core_d": "^2.0.0",
      "minimist": "^1.2.0",
      "nanolru": "^1.0.0",
      "prettier": "^2.1.0",
      "resolve": "^1.8.1",
      "@types/minimist": "^1.2.0",
      "@types/prettier": "^2.0.2",
      "typescript": "^4.0.2"
    },
    "files": [
      "bin",
      "lib",
      "LICENSE",
      "README.md"
    ],
    "license": "MIT",
    "devDependencies": {
      "@studio/changes": "^2.0.1",
      "@studio/eslint-config": "^1.0.2",
      "@types/node": "^14.6.0",
      "@types/resolve": "^1.17.1",
      "@typescript-eslint/eslint-plugin": "^3.10.1",
      "@typescript-eslint/parser": "^3.10.1",
      "eslint": "^7.7.0",
      "eslint-config-prettier": "^6.7.0",
      "eslint-plugin-simple-import-sort": "^5.0.0"
    
  }

yarn manifest: 
  No manifest

Lockfile: 
  No lockfile
